<?xml version="1.0" encoding="UTF-8"?>
<!-- Generated by org.testng.reporters.JUnitXMLReporter -->
<testsuite ignored="0" hostname="DESKTOP-S4B5J1M" failures="0" tests="1" name="Module4" time="2.346" errors="0" timestamp="2023-06-23T15:32:09 IST">
  <testcase classname="Module1_login_Test.PBLoginTest1" name="@BeforeClass openBrowser" time="2.317">
    <failure type="java.io.FileNotFoundException" message="C:\Users\sanja\OneDrive\Desktop\Study\workspaceFor28thJan23\SeleniumRevisionMaven1\PropertyFile.properties (The system cannot find the path specified)">
      <![CDATA[java.io.FileNotFoundException: C:\Users\sanja\OneDrive\Desktop\Study\workspaceFor28thJan23\SeleniumRevisionMaven1\PropertyFile.properties (The system cannot find the path specified)
at java.base/java.io.FileInputStream.open0(Native Method)
at java.base/java.io.FileInputStream.open(FileInputStream.java:216)
at java.base/java.io.FileInputStream.<init>(FileInputStream.java:157)
at java.base/java.io.FileInputStream.<init>(FileInputStream.java:111)
at LibraryFiles.UtilityClass.getPFData(UtilityClass.java:44)
at LibraryFiles.BaseClass.initializeBrowser(BaseClass.java:18)
at Module1_login_Test.PBLoginTest1.openBrowser(PBLoginTest1.java:37)
at java.base/java.util.ArrayList.forEach(ArrayList.java:1511)
... Removed 23 stack frames]]>
    </failure>
  </testcase> <!-- @BeforeClass openBrowser -->
  <testcase classname="Module1_login_Test.PBLoginTest1" name="@BeforeMethod loginToApp" time="-1.687514529031E9">
    <skipped/>
  </testcase> <!-- @BeforeMethod loginToApp -->
  <testcase classname="Module1_login_Test.PBLoginTest1" name="@AfterMethod name" time="-1.687514529042E9">
    <skipped/>
  </testcase> <!-- @AfterMethod name -->
  <testcase classname="Module1_login_Test.PBLoginTest1" name="@AfterClass closeBrowser" time="-1.687514529045E9">
    <skipped/>
  </testcase> <!-- @AfterClass closeBrowser -->
  <testcase classname="Module1_login_Test.PBLoginTest1" name="verifyFullName" time="0.0">
    <skipped/>
  </testcase> <!-- verifyFullName -->
</testsuite> <!-- Module4 -->
