<!DOCTYPE html PUBLIC "-//W3C//DTD XHTML 1.1//EN" "https://www.w3.org/TR/xhtml11/DTD/xhtml11.dtd">
<html xmlns="https://www.w3.org/1999/xhtml">
<head>
<meta http-equiv="content-type" content="text/html; charset=UTF-8"/>
<title>TestNG Report</title>
<style type="text/css">table {margin-bottom:10px;border-collapse:collapse;empty-cells:show}th,td {border:1px solid #009;padding:.25em .5em}th {vertical-align:bottom}td {vertical-align:top}table a {font-weight:bold}.stripe td {background-color: #E6EBF9}.num {text-align:right}.passedodd td {background-color: #3F3}.passedeven td {background-color: #0A0}.skippedodd td {background-color: #DDD}.skippedeven td {background-color: #CCC}.failedodd td,.attn {background-color: #F33}.failedeven td,.stripe .attn {background-color: #D00}.stacktrace {white-space:pre;font-family:monospace}.totop {font-size:85%;text-align:center;border-bottom:2px solid #000}.invisible {display:none}</style>
</head>
<body>
<table>
<tr><th>Test</th><th># Passed</th><th># Skipped</th><th># Retried</th><th># Failed</th><th>Time (ms)</th><th>Included Groups</th><th>Excluded Groups</th></tr>
<tr><th colspan="8">RegressionSuite</th></tr>
<tr><td><a href="#t0">Module1</a></td><td class="num">1</td><td class="num">0</td><td class="num">0</td><td class="num">0</td><td class="num">58,059</td><td></td><td></td></tr>
<tr class="stripe"><td><a href="#t1">Module2</a></td><td class="num">1</td><td class="num attn">1</td><td class="num">0</td><td class="num">0</td><td class="num">47,630</td><td></td><td></td></tr>
<tr><th>Total</th><th class="num">2</th><th class="num attn">1</th><th class="num">0</th><th class="num">0</th><th class="num">105,689</th><th colspan="2"></th></tr>
</table>
<table id='summary'><thead><tr><th>Class</th><th>Method</th><th>Start</th><th>Time (ms)</th></tr></thead><tbody><tr><th colspan="4">RegressionSuite</th></tr></tbody><tbody id="t0"><tr><th colspan="4">Module1 &#8212; passed</th></tr><tr class="passedeven"><td rowspan="1">Module1_login_Test.PBLoginTest1</td><td><a href="#m0">verifyFullName</a></td><td rowspan="1">1690096408833</td><td rowspan="1">15081</td></tr></tbody>
<tbody id="t1"><tr><th colspan="4">Module2 &#8212; failed (configuration methods)</th></tr><tr class="failedeven"><td rowspan="1">Module1_login_Test.PBContactsDetailsVerification</td><td><a href="#m1">name</a></td><td rowspan="1">1690096470782</td><td rowspan="1">2047</td></tr><tr><th colspan="4">Module2 &#8212; skipped (configuration methods)</th></tr><tr class="skippedeven"><td rowspan="3">Module1_login_Test.PBContactsDetailsVerification</td><td><a href="#m2">closeBrowser</a></td><td rowspan="1">1690096472855</td><td rowspan="1">-1690096472855</td></tr><tr class="skippedeven"><td><a href="#m3">loginToApp1</a></td><td rowspan="1">1690096472840</td><td rowspan="1">-1690096472840</td></tr><tr class="skippedeven"><td><a href="#m4">name</a></td><td rowspan="1">1690096472851</td><td rowspan="1">-1690096472851</td></tr><tr><th colspan="4">Module2 &#8212; skipped</th></tr><tr class="skippedeven"><td rowspan="1">Module1_login_Test.PBContactsDetailsVerification</td><td><a href="#m5">verifyEmail</a></td><td rowspan="1">1690096472845</td><td rowspan="1">0</td></tr><tr><th colspan="4">Module2 &#8212; passed</th></tr><tr class="passedeven"><td rowspan="1">Module1_login_Test.PBContactsDetailsVerification</td><td><a href="#m6">verifyMobNumber</a></td><td rowspan="1">1690096457983</td><td rowspan="1">12798</td></tr></tbody>
</table>
<h2>Module1</h2><h3 id="m0">Module1_login_Test.PBLoginTest1#verifyFullName</h3><table class="result"><tr><th class="invisible"/></tr></table><p class="totop"><a href="#summary">back to summary</a></p>
<h2>Module2</h2><h3 id="m1">Module1_login_Test.PBContactsDetailsVerification#name</h3><table class="result"><tr class="param"><th>Parameter #1</th></tr><tr class="param stripe"><td>[TestResult name=verifyMobNumber status=SUCCESS method=PBContactsDetailsVerification.verifyMobNumber()[pri:1, instance:Module1_login_Test.PBContactsDetailsVerification@28701274] output={null}]</td></tr><tr><th>Exception</th></tr><tr><td><div class="stacktrace">org.openqa.selenium.InvalidSelectorException: invalid selector: Unable to locate an element with the xpath expression https://static.pbcdn.in/myaccount-cdn/images/assets/logout.svg because of the following error:
SyntaxError: Failed to execute &apos;evaluate&apos; on &apos;Document&apos;: The string &apos;https://static.pbcdn.in/myaccount-cdn/images/assets/logout.svg&apos; is not a valid XPath expression.
  (Session info: chrome=114.0.5735.199)
For documentation on this error, please visit: https://selenium.dev/exceptions/#invalid_selector_exception
Build info: version: &apos;4.9.1&apos;, revision: &apos;eb2032df7f&apos;
System info: os.name: &apos;Windows 10&apos;, os.arch: &apos;amd64&apos;, os.version: &apos;10.0&apos;, java.version: &apos;18&apos;
Driver info: org.openqa.selenium.chrome.ChromeDriver
Command: [ae68f8367ef1f45b0cfae4b02bdb0c15, findElement {using=xpath, value=https://static.pbcdn.in/myaccount-cdn/images/assets/logout.svg}]
Capabilities {acceptInsecureCerts: false, browserName: chrome, browserVersion: 114.0.5735.199, chrome: {chromedriverVersion: 114.0.5735.90 (386bc09e8f4f..., userDataDir: C:\Users\Shree\AppData\Loca...}, goog:chromeOptions: {debuggerAddress: localhost:63862}, networkConnectionEnabled: false, pageLoadStrategy: normal, platformName: windows, proxy: Proxy(), se:cdp: ws://localhost:63862/devtoo..., se:cdpVersion: 114.0.5735.199, setWindowRect: true, strictFileInteractability: false, timeouts: {implicit: 0, pageLoad: 300000, script: 30000}, unhandledPromptBehavior: dismiss and notify, webauthn:extension:credBlob: true, webauthn:extension:largeBlob: true, webauthn:extension:minPinLength: true, webauthn:extension:prf: true, webauthn:virtualAuthenticators: true}
Session ID: ae68f8367ef1f45b0cfae4b02bdb0c15
	at org.openqa.selenium.remote.codec.w3c.W3CHttpResponseCodec.createException(W3CHttpResponseCodec.java:200)
	at org.openqa.selenium.remote.codec.w3c.W3CHttpResponseCodec.decode(W3CHttpResponseCodec.java:133)
	at org.openqa.selenium.remote.codec.w3c.W3CHttpResponseCodec.decode(W3CHttpResponseCodec.java:53)
	at org.openqa.selenium.remote.HttpCommandExecutor.execute(HttpCommandExecutor.java:193)
	at org.openqa.selenium.remote.service.DriverCommandExecutor.invokeExecute(DriverCommandExecutor.java:183)
	at org.openqa.selenium.remote.service.DriverCommandExecutor.execute(DriverCommandExecutor.java:158)
	at org.openqa.selenium.remote.RemoteWebDriver.execute(RemoteWebDriver.java:543)
	at org.openqa.selenium.remote.ElementLocation$ElementFinder$2.findElement(ElementLocation.java:162)
	at org.openqa.selenium.remote.ElementLocation.findElement(ElementLocation.java:60)
	at org.openqa.selenium.remote.RemoteWebDriver.findElement(RemoteWebDriver.java:352)
	at org.openqa.selenium.remote.RemoteWebDriver.findElement(RemoteWebDriver.java:344)
	at org.openqa.selenium.support.pagefactory.DefaultElementLocator.findElement(DefaultElementLocator.java:70)
	at org.openqa.selenium.support.pagefactory.internal.LocatingElementHandler.invoke(LocatingElementHandler.java:39)
	at jdk.proxy2/jdk.proxy2.$Proxy19.click(Unknown Source)
	at Module2Contact.PBContactDetailsM.clickonLogout(PBContactDetailsM.java:33)
	at Module1_login_Test.PBContactsDetailsVerification.name(PBContactsDetailsVerification.java:117)
	at java.base/java.util.ArrayList.forEach(ArrayList.java:1511)
... Removed 33 stack frames</div></td></tr></table><p class="totop"><a href="#summary">back to summary</a></p>
<h3 id="m2">Module1_login_Test.PBContactsDetailsVerification#closeBrowser</h3><table class="result"><tr><th class="invisible"/></tr></table><p class="totop"><a href="#summary">back to summary</a></p>
<h3 id="m3">Module1_login_Test.PBContactsDetailsVerification#loginToApp1</h3><table class="result"><tr><th class="invisible"/></tr></table><p class="totop"><a href="#summary">back to summary</a></p>
<h3 id="m4">Module1_login_Test.PBContactsDetailsVerification#name</h3><table class="result"><tr><th class="invisible"/></tr></table><p class="totop"><a href="#summary">back to summary</a></p>
<h3 id="m5">Module1_login_Test.PBContactsDetailsVerification#verifyEmail</h3><table class="result"><tr><th>Exception</th></tr><tr><td><div class="stacktrace">org.openqa.selenium.InvalidSelectorException: invalid selector: Unable to locate an element with the xpath expression https://static.pbcdn.in/myaccount-cdn/images/assets/logout.svg because of the following error:
SyntaxError: Failed to execute &apos;evaluate&apos; on &apos;Document&apos;: The string &apos;https://static.pbcdn.in/myaccount-cdn/images/assets/logout.svg&apos; is not a valid XPath expression.
  (Session info: chrome=114.0.5735.199)
For documentation on this error, please visit: https://selenium.dev/exceptions/#invalid_selector_exception
Build info: version: &apos;4.9.1&apos;, revision: &apos;eb2032df7f&apos;
System info: os.name: &apos;Windows 10&apos;, os.arch: &apos;amd64&apos;, os.version: &apos;10.0&apos;, java.version: &apos;18&apos;
Driver info: org.openqa.selenium.chrome.ChromeDriver
Command: [ae68f8367ef1f45b0cfae4b02bdb0c15, findElement {using=xpath, value=https://static.pbcdn.in/myaccount-cdn/images/assets/logout.svg}]
Capabilities {acceptInsecureCerts: false, browserName: chrome, browserVersion: 114.0.5735.199, chrome: {chromedriverVersion: 114.0.5735.90 (386bc09e8f4f..., userDataDir: C:\Users\Shree\AppData\Loca...}, goog:chromeOptions: {debuggerAddress: localhost:63862}, networkConnectionEnabled: false, pageLoadStrategy: normal, platformName: windows, proxy: Proxy(), se:cdp: ws://localhost:63862/devtoo..., se:cdpVersion: 114.0.5735.199, setWindowRect: true, strictFileInteractability: false, timeouts: {implicit: 0, pageLoad: 300000, script: 30000}, unhandledPromptBehavior: dismiss and notify, webauthn:extension:credBlob: true, webauthn:extension:largeBlob: true, webauthn:extension:minPinLength: true, webauthn:extension:prf: true, webauthn:virtualAuthenticators: true}
Session ID: ae68f8367ef1f45b0cfae4b02bdb0c15
	at org.openqa.selenium.remote.codec.w3c.W3CHttpResponseCodec.createException(W3CHttpResponseCodec.java:200)
	at org.openqa.selenium.remote.codec.w3c.W3CHttpResponseCodec.decode(W3CHttpResponseCodec.java:133)
	at org.openqa.selenium.remote.codec.w3c.W3CHttpResponseCodec.decode(W3CHttpResponseCodec.java:53)
	at org.openqa.selenium.remote.HttpCommandExecutor.execute(HttpCommandExecutor.java:193)
	at org.openqa.selenium.remote.service.DriverCommandExecutor.invokeExecute(DriverCommandExecutor.java:183)
	at org.openqa.selenium.remote.service.DriverCommandExecutor.execute(DriverCommandExecutor.java:158)
	at org.openqa.selenium.remote.RemoteWebDriver.execute(RemoteWebDriver.java:543)
	at org.openqa.selenium.remote.ElementLocation$ElementFinder$2.findElement(ElementLocation.java:162)
	at org.openqa.selenium.remote.ElementLocation.findElement(ElementLocation.java:60)
	at org.openqa.selenium.remote.RemoteWebDriver.findElement(RemoteWebDriver.java:352)
	at org.openqa.selenium.remote.RemoteWebDriver.findElement(RemoteWebDriver.java:344)
	at org.openqa.selenium.support.pagefactory.DefaultElementLocator.findElement(DefaultElementLocator.java:70)
	at org.openqa.selenium.support.pagefactory.internal.LocatingElementHandler.invoke(LocatingElementHandler.java:39)
	at jdk.proxy2/jdk.proxy2.$Proxy19.click(Unknown Source)
	at Module2Contact.PBContactDetailsM.clickonLogout(PBContactDetailsM.java:33)
	at Module1_login_Test.PBContactsDetailsVerification.name(PBContactsDetailsVerification.java:117)
	at java.base/java.util.ArrayList.forEach(ArrayList.java:1511)
... Removed 33 stack frames</div></td></tr></table><p class="totop"><a href="#summary">back to summary</a></p>
<h3 id="m6">Module1_login_Test.PBContactsDetailsVerification#verifyMobNumber</h3><table class="result"><tr><th class="invisible"/></tr></table><p class="totop"><a href="#summary">back to summary</a></p>
</body>
</html>
